<?xml version="1.0" encoding="UTF-8"?>
<!-- Generated by org.testng.reporters.JUnitXMLReporter -->
<testsuite hostname="sanjay-PC" name="Test" tests="33" failures="6" timestamp="9 May 2020 12:23:27 GMT" time="35.89" errors="0">
  <testcase name="checkContentLenght" time="0.035" classname="com.employeeapi.testCases.TC001_Get_All_Employees"/>
  <testcase name="checkContentType" time="0.0" classname="com.employeeapi.testCases.TC001_Get_All_Employees"/>
  <testcase name="checkCookies" time="0.0" classname="com.employeeapi.testCases.TC001_Get_All_Employees"/>
  <testcase name="checkResponseTime" time="0.0" classname="com.employeeapi.testCases.TC001_Get_All_Employees"/>
  <testcase name="checkResposeBody" time="0.094" classname="com.employeeapi.testCases.TC001_Get_All_Employees"/>
  <testcase name="checkStatusCode" time="0.0" classname="com.employeeapi.testCases.TC001_Get_All_Employees"/>
  <testcase name="checkcontentEncoding" time="0.0" classname="com.employeeapi.testCases.TC001_Get_All_Employees"/>
  <testcase name="checkserverType" time="0.015" classname="com.employeeapi.testCases.TC001_Get_All_Employees"/>
  <testcase name="checkstatusLine" time="0.0" classname="com.employeeapi.testCases.TC001_Get_All_Employees"/>
  <testcase name="checkContentType" time="0.0" classname="com.employeeapi.testCases.TC005_Delete_Employee_Record"/>
  <testcase name="checkResposeBody" time="0.016" classname="com.employeeapi.testCases.TC005_Delete_Employee_Record">
    <failure type="java.lang.AssertionError" message="expected [true] but found [false]">
      <![CDATA[java.lang.AssertionError: expected [true] but found [false]
	at com.employeeapi.testCases.TC005_Delete_Employee_Record.checkResposeBody(TC005_Delete_Employee_Record.java:39)
... Removed 30 stack frames]]>
    </failure>
  </testcase> <!-- checkResposeBody -->
  <testcase name="checkStatusCode" time="0.0" classname="com.employeeapi.testCases.TC005_Delete_Employee_Record"/>
  <testcase name="checkcontentEncoding" time="0.016" classname="com.employeeapi.testCases.TC005_Delete_Employee_Record">
    <failure type="java.lang.AssertionError" message="expected [gzip] but found [null]">
      <![CDATA[java.lang.AssertionError: expected [gzip] but found [null]
	at com.employeeapi.testCases.TC005_Delete_Employee_Record.checkcontentEncoding(TC005_Delete_Employee_Record.java:76)
... Removed 30 stack frames]]>
    </failure>
  </testcase> <!-- checkcontentEncoding -->
  <testcase name="checkserverType" time="0.0" classname="com.employeeapi.testCases.TC005_Delete_Employee_Record">
    <failure type="java.lang.AssertionError" message="expected [nginx/1.14.1] but found [nginx/1.16.0]">
      <![CDATA[java.lang.AssertionError: expected [nginx/1.14.1] but found [nginx/1.16.0]
	at com.employeeapi.testCases.TC005_Delete_Employee_Record.checkserverType(TC005_Delete_Employee_Record.java:69)
... Removed 30 stack frames]]>
    </failure>
  </testcase> <!-- checkserverType -->
  <testcase name="checkstatusLine" time="0.0" classname="com.employeeapi.testCases.TC005_Delete_Employee_Record"/>
  <testcase name="checkContentLenght" time="0.0" classname="com.employeeapi.testCases.TC002_Get_Single_Employee_Record"/>
  <testcase name="checkContentType" time="0.016" classname="com.employeeapi.testCases.TC002_Get_Single_Employee_Record"/>
  <testcase name="checkResponseTime" time="0.0" classname="com.employeeapi.testCases.TC002_Get_Single_Employee_Record"/>
  <testcase name="checkResposeBody" time="0.0" classname="com.employeeapi.testCases.TC002_Get_Single_Employee_Record"/>
  <testcase name="checkStatusCode" time="0.0" classname="com.employeeapi.testCases.TC002_Get_Single_Employee_Record"/>
  <testcase name="checkserverType" time="0.0" classname="com.employeeapi.testCases.TC002_Get_Single_Employee_Record"/>
  <testcase name="checkstatusLine" time="0.0" classname="com.employeeapi.testCases.TC002_Get_Single_Employee_Record"/>
  <testcase name="checkContentType" time="0.0" classname="com.employeeapi.testCases.TC004_Put_Employee_Record"/>
  <testcase name="checkResposeBody" time="0.004" classname="com.employeeapi.testCases.TC004_Put_Employee_Record">
    <failure type="java.lang.AssertionError" message="expected [true] but found [false]">
      <![CDATA[java.lang.AssertionError: expected [true] but found [false]
	at com.employeeapi.testCases.TC004_Put_Employee_Record.checkResposeBody(TC004_Put_Employee_Record.java:54)
... Removed 30 stack frames]]>
    </failure>
  </testcase> <!-- checkResposeBody -->
  <testcase name="checkStatusCode" time="0.016" classname="com.employeeapi.testCases.TC004_Put_Employee_Record"/>
  <testcase name="checkcontentEncoding" time="0.0" classname="com.employeeapi.testCases.TC004_Put_Employee_Record">
    <failure type="java.lang.AssertionError" message="expected [gzip] but found [null]">
      <![CDATA[java.lang.AssertionError: expected [gzip] but found [null]
	at com.employeeapi.testCases.TC004_Put_Employee_Record.checkcontentEncoding(TC004_Put_Employee_Record.java:92)
... Removed 30 stack frames]]>
    </failure>
  </testcase> <!-- checkcontentEncoding -->
  <testcase name="checkserverType" time="0.0" classname="com.employeeapi.testCases.TC004_Put_Employee_Record">
    <failure type="java.lang.AssertionError" message="expected [nginx/1.14.1] but found [nginx/1.16.0]">
      <![CDATA[java.lang.AssertionError: expected [nginx/1.14.1] but found [nginx/1.16.0]
	at com.employeeapi.testCases.TC004_Put_Employee_Record.checkserverType(TC004_Put_Employee_Record.java:85)
... Removed 30 stack frames]]>
    </failure>
  </testcase> <!-- checkserverType -->
  <testcase name="checkstatusLine" time="0.0" classname="com.employeeapi.testCases.TC004_Put_Employee_Record"/>
  <testcase name="checkContentType" time="0.0" classname="com.employeeapi.testCases.TC003_Post_Employee_Record"/>
  <testcase name="checkResposeBody" time="0.0" classname="com.employeeapi.testCases.TC003_Post_Employee_Record"/>
  <testcase name="checkStatusCode" time="0.0" classname="com.employeeapi.testCases.TC003_Post_Employee_Record"/>
  <testcase name="checkserverType" time="0.0" classname="com.employeeapi.testCases.TC003_Post_Employee_Record"/>
  <testcase name="checkstatusLine" time="0.016" classname="com.employeeapi.testCases.TC003_Post_Employee_Record"/>
</testsuite> <!-- Test -->
