<?xml version="1.0" encoding="UTF-8"?>
<testng-results skipped="0" failed="0" total="7" passed="7">
  <reporter-output>
  </reporter-output>
  <suite name="Default suite" duration-ms="11264" started-at="2020-05-19T07:16:58Z" finished-at="2020-05-19T07:17:10Z">
    <groups>
    </groups>
    <test name="Default test" duration-ms="11264" started-at="2020-05-19T07:16:58Z" finished-at="2020-05-19T07:17:10Z">
      <class name="com.employeeapi.testCases.TC002_Get_Single_Employee_Record">
        <test-method status="PASS" signature="setup()[pri:0, instance:com.employeeapi.testCases.TC002_Get_Single_Employee_Record@2f8f11]" name="setup" is-config="true" duration-ms="346" started-at="2020-05-19T12:46:58Z" finished-at="2020-05-19T12:46:59Z">
          <reporter-output>
          </reporter-output>
        </test-method> <!-- setup -->
        <test-method status="PASS" signature="getEmployeeData()[pri:0, instance:com.employeeapi.testCases.TC002_Get_Single_Employee_Record@2f8f11]" name="getEmployeeData" is-config="true" duration-ms="10738" started-at="2020-05-19T12:46:59Z" finished-at="2020-05-19T12:47:09Z">
          <reporter-output>
          </reporter-output>
        </test-method> <!-- getEmployeeData -->
        <test-method status="PASS" signature="checkContentLenght()[pri:0, instance:com.employeeapi.testCases.TC002_Get_Single_Employee_Record@2f8f11]" name="checkContentLenght" duration-ms="39" started-at="2020-05-19T12:47:09Z" finished-at="2020-05-19T12:47:09Z">
          <reporter-output>
          </reporter-output>
        </test-method> <!-- checkContentLenght -->
        <test-method status="PASS" signature="checkContentType()[pri:0, instance:com.employeeapi.testCases.TC002_Get_Single_Employee_Record@2f8f11]" name="checkContentType" duration-ms="3" started-at="2020-05-19T12:47:09Z" finished-at="2020-05-19T12:47:09Z">
          <reporter-output>
          </reporter-output>
        </test-method> <!-- checkContentType -->
        <test-method status="PASS" signature="checkResponseTime()[pri:0, instance:com.employeeapi.testCases.TC002_Get_Single_Employee_Record@2f8f11]" name="checkResponseTime" duration-ms="2" started-at="2020-05-19T12:47:09Z" finished-at="2020-05-19T12:47:09Z">
          <reporter-output>
          </reporter-output>
        </test-method> <!-- checkResponseTime -->
        <test-method status="PASS" signature="checkResposeBody()[pri:0, instance:com.employeeapi.testCases.TC002_Get_Single_Employee_Record@2f8f11]" name="checkResposeBody" duration-ms="55" started-at="2020-05-19T12:47:09Z" finished-at="2020-05-19T12:47:09Z">
          <reporter-output>
          </reporter-output>
        </test-method> <!-- checkResposeBody -->
        <test-method status="PASS" signature="checkStatusCode()[pri:0, instance:com.employeeapi.testCases.TC002_Get_Single_Employee_Record@2f8f11]" name="checkStatusCode" duration-ms="2" started-at="2020-05-19T12:47:09Z" finished-at="2020-05-19T12:47:09Z">
          <reporter-output>
          </reporter-output>
        </test-method> <!-- checkStatusCode -->
        <test-method status="PASS" signature="checkserverType()[pri:0, instance:com.employeeapi.testCases.TC002_Get_Single_Employee_Record@2f8f11]" name="checkserverType" duration-ms="6" started-at="2020-05-19T12:47:09Z" finished-at="2020-05-19T12:47:10Z">
          <reporter-output>
          </reporter-output>
        </test-method> <!-- checkserverType -->
        <test-method status="PASS" signature="checkstatusLine()[pri:0, instance:com.employeeapi.testCases.TC002_Get_Single_Employee_Record@2f8f11]" name="checkstatusLine" duration-ms="2" started-at="2020-05-19T12:47:10Z" finished-at="2020-05-19T12:47:10Z">
          <reporter-output>
          </reporter-output>
        </test-method> <!-- checkstatusLine -->
        <test-method status="PASS" signature="tearDown()[pri:0, instance:com.employeeapi.testCases.TC002_Get_Single_Employee_Record@2f8f11]" name="tearDown" is-config="true" duration-ms="2" started-at="2020-05-19T12:47:10Z" finished-at="2020-05-19T12:47:10Z">
          <reporter-output>
          </reporter-output>
        </test-method> <!-- tearDown -->
      </class> <!-- com.employeeapi.testCases.TC002_Get_Single_Employee_Record -->
    </test> <!-- Default test -->
  </suite> <!-- Default suite -->
</testng-results>
